<?xml version="1.0" encoding="UTF-8"?>
<robot generator="Robot 3.2.1 (Python 3.8.5 on win32)" generated="20210728 22:32:56.813" rpa="false">
<suite id="s1" name="testeSitePractice" source="c:\udemy\robot\suiteSitePractice\test\testeSitePractice.robot">
<test id="s1-t1" name="Caso de Teste 01: Pesquisar produto existente">
<kw name="Abrir Navegador" library="resource" type="setup">
<kw name="Open Browser" library="SeleniumLibrary">
<doc>Opens a new browser instance to the optional ``url``.</doc>
<arguments>
<arg>about:blank</arg>
<arg>${browser}</arg>
</arguments>
<msg timestamp="20210728 22:32:57.031" level="INFO">Opening browser 'chrome' to base url 'about:blank'.</msg>
<status status="PASS" starttime="20210728 22:32:57.031" endtime="20210728 22:32:58.281"></status>
</kw>
<status status="PASS" starttime="20210728 22:32:57.031" endtime="20210728 22:32:58.281"></status>
</kw>
<kw name="Acessar página home do site." library="resource">
<kw name="Go To" library="SeleniumLibrary">
<doc>Navigates the current browser window to the provided ``url``.</doc>
<arguments>
<arg>${url}</arg>
</arguments>
<msg timestamp="20210728 22:32:58.283" level="INFO">Opening url 'http://automationpractice.com/index.php'</msg>
<status status="PASS" starttime="20210728 22:32:58.282" endtime="20210728 22:33:03.576"></status>
</kw>
<kw name="Title Should Be" library="SeleniumLibrary">
<doc>Verifies that the current page title equals ``title``.</doc>
<arguments>
<arg>My Store</arg>
</arguments>
<msg timestamp="20210728 22:33:03.581" level="INFO">Page title is 'My Store'.</msg>
<status status="PASS" starttime="20210728 22:33:03.576" endtime="20210728 22:33:03.581"></status>
</kw>
<status status="PASS" starttime="20210728 22:32:58.281" endtime="20210728 22:33:03.581"></status>
</kw>
<kw name="Digitar o nome de produto &quot;Blouse&quot; no campo de pesquisa." library="resource">
<kw name="Input Text" library="SeleniumLibrary">
<doc>Types the given ``text`` into the text field identified by ``locator``.</doc>
<arguments>
<arg>name=search_query</arg>
<arg>${produto}</arg>
</arguments>
<msg timestamp="20210728 22:33:03.583" level="INFO">Typing text 'Blouse' into text field 'name=search_query'.</msg>
<status status="PASS" starttime="20210728 22:33:03.583" endtime="20210728 22:33:03.666"></status>
</kw>
<status status="PASS" starttime="20210728 22:33:03.582" endtime="20210728 22:33:03.667"></status>
</kw>
<kw name="Clicar no botão de pesquisa." library="resource">
<kw name="Click Element" library="SeleniumLibrary">
<doc>Click the element identified by ``locator``.</doc>
<arguments>
<arg>name=submit_search</arg>
</arguments>
<msg timestamp="20210728 22:33:03.668" level="INFO">Clicking element 'name=submit_search'.</msg>
<status status="PASS" starttime="20210728 22:33:03.668" endtime="20210728 22:33:03.724"></status>
</kw>
<status status="PASS" starttime="20210728 22:33:03.667" endtime="20210728 22:33:03.725"></status>
</kw>
<kw name="Conferir se o produto &quot;Blouse&quot; foi exibido." library="resource">
<kw name="Wait Until Element Is Visible" library="SeleniumLibrary">
<doc>Waits until the element ``locator`` is visible.</doc>
<arguments>
<arg>css=#center_column &gt; h1</arg>
</arguments>
<status status="PASS" starttime="20210728 22:33:03.726" endtime="20210728 22:33:05.571"></status>
</kw>
<kw name="Title Should Be" library="SeleniumLibrary">
<doc>Verifies that the current page title equals ``title``.</doc>
<arguments>
<arg>Search - My Store</arg>
</arguments>
<msg timestamp="20210728 22:33:05.576" level="INFO">Page title is 'Search - My Store'.</msg>
<status status="PASS" starttime="20210728 22:33:05.571" endtime="20210728 22:33:05.576"></status>
</kw>
<kw name="Page Should Contain Image" library="SeleniumLibrary">
<doc>Verifies image identified by ``locator`` is found from current page.</doc>
<arguments>
<arg>xpath=//*[@id="center_column"]//*[@src='http://automationpractice.com/img/p/7/7-home_default.jpg']</arg>
</arguments>
<msg timestamp="20210728 22:33:05.593" level="INFO">Current page contains image 'xpath=//*[@id="center_column"]//*[@src='http://automationpractice.com/img/p/7/7-home_default.jpg']'.</msg>
<status status="PASS" starttime="20210728 22:33:05.576" endtime="20210728 22:33:05.593"></status>
</kw>
<kw name="Page Should Contain Link" library="SeleniumLibrary">
<doc>Verifies link identified by ``locator`` is found from current page.</doc>
<arguments>
<arg>xpath=//*[@id="center_column"]//a[@class="product-name"][contains(text(),"${produto}")]</arg>
</arguments>
<msg timestamp="20210728 22:33:05.607" level="INFO">Current page contains link 'xpath=//*[@id="center_column"]//a[@class="product-name"][contains(text(),"Blouse")]'.</msg>
<status status="PASS" starttime="20210728 22:33:05.593" endtime="20210728 22:33:05.607"></status>
</kw>
<status status="PASS" starttime="20210728 22:33:03.725" endtime="20210728 22:33:05.607"></status>
</kw>
<kw name="Fechar Navegador" library="resource" type="teardown">
<kw name="Close Browser" library="SeleniumLibrary">
<doc>Closes the current browser.</doc>
<status status="PASS" starttime="20210728 22:33:05.609" endtime="20210728 22:33:07.760"></status>
</kw>
<status status="PASS" starttime="20210728 22:33:05.609" endtime="20210728 22:33:07.760"></status>
</kw>
<status status="PASS" starttime="20210728 22:32:57.031" endtime="20210728 22:33:07.760" critical="yes"></status>
</test>
<test id="s1-t2" name="Caso de Teste 02: Pesquisar produto não existente">
<kw name="Abrir Navegador" library="resource" type="setup">
<kw name="Open Browser" library="SeleniumLibrary">
<doc>Opens a new browser instance to the optional ``url``.</doc>
<arguments>
<arg>about:blank</arg>
<arg>${browser}</arg>
</arguments>
<msg timestamp="20210728 22:33:07.760" level="INFO">Opening browser 'chrome' to base url 'about:blank'.</msg>
<status status="PASS" starttime="20210728 22:33:07.760" endtime="20210728 22:33:09.063"></status>
</kw>
<status status="PASS" starttime="20210728 22:33:07.760" endtime="20210728 22:33:09.064"></status>
</kw>
<kw name="Acessar página home do site." library="resource">
<kw name="Go To" library="SeleniumLibrary">
<doc>Navigates the current browser window to the provided ``url``.</doc>
<arguments>
<arg>${url}</arg>
</arguments>
<msg timestamp="20210728 22:33:09.065" level="INFO">Opening url 'http://automationpractice.com/index.php'</msg>
<status status="PASS" starttime="20210728 22:33:09.065" endtime="20210728 22:33:14.863"></status>
</kw>
<kw name="Title Should Be" library="SeleniumLibrary">
<doc>Verifies that the current page title equals ``title``.</doc>
<arguments>
<arg>My Store</arg>
</arguments>
<msg timestamp="20210728 22:33:14.868" level="INFO">Page title is 'My Store'.</msg>
<status status="PASS" starttime="20210728 22:33:14.864" endtime="20210728 22:33:14.869"></status>
</kw>
<status status="PASS" starttime="20210728 22:33:09.064" endtime="20210728 22:33:14.869"></status>
</kw>
<kw name="Digitar o nome de produto &quot;produtoNãoExistente&quot; no campo de pesquisa." library="resource">
<kw name="Input Text" library="SeleniumLibrary">
<doc>Types the given ``text`` into the text field identified by ``locator``.</doc>
<arguments>
<arg>name=search_query</arg>
<arg>${produto}</arg>
</arguments>
<msg timestamp="20210728 22:33:14.870" level="INFO">Typing text 'produtoNãoExistente' into text field 'name=search_query'.</msg>
<status status="PASS" starttime="20210728 22:33:14.870" endtime="20210728 22:33:14.964"></status>
</kw>
<status status="PASS" starttime="20210728 22:33:14.870" endtime="20210728 22:33:14.965"></status>
</kw>
<kw name="Clicar no botão de pesquisa." library="resource">
<kw name="Click Element" library="SeleniumLibrary">
<doc>Click the element identified by ``locator``.</doc>
<arguments>
<arg>name=submit_search</arg>
</arguments>
<msg timestamp="20210728 22:33:14.966" level="INFO">Clicking element 'name=submit_search'.</msg>
<status status="PASS" starttime="20210728 22:33:14.966" endtime="20210728 22:33:16.299"></status>
</kw>
<status status="PASS" starttime="20210728 22:33:14.965" endtime="20210728 22:33:16.300"></status>
</kw>
<kw name="Conferir mensagem de erro &quot;No results were found for your search &quot;produtoNãoExistente&quot;&quot;." library="resource">
<kw name="Wait Until Element Contains" library="SeleniumLibrary">
<doc>Waits until the element ``locator`` contains ``text``.</doc>
<arguments>
<arg>//*[@id="center_column"]/p</arg>
<arg>${mensagem_de_alerta}</arg>
</arguments>
<status status="PASS" starttime="20210728 22:33:16.301" endtime="20210728 22:33:16.324"></status>
</kw>
<kw name="Element Text Should Be" library="SeleniumLibrary">
<doc>Verifies that element ``locator`` contains exact the text ``expected``.</doc>
<arguments>
<arg>//*[@id="center_column"]/p</arg>
<arg>${mensagem_de_alerta}</arg>
</arguments>
<msg timestamp="20210728 22:33:16.324" level="INFO">Verifying element '//*[@id="center_column"]/p' contains exact text 'No results were found for your search "produtoNãoExistente"'.</msg>
<status status="PASS" starttime="20210728 22:33:16.324" endtime="20210728 22:33:16.339"></status>
</kw>
<status status="PASS" starttime="20210728 22:33:16.300" endtime="20210728 22:33:16.340"></status>
</kw>
<kw name="Fechar Navegador" library="resource" type="teardown">
<kw name="Close Browser" library="SeleniumLibrary">
<doc>Closes the current browser.</doc>
<status status="PASS" starttime="20210728 22:33:16.341" endtime="20210728 22:33:18.494"></status>
</kw>
<status status="PASS" starttime="20210728 22:33:16.340" endtime="20210728 22:33:18.494"></status>
</kw>
<status status="PASS" starttime="20210728 22:33:07.760" endtime="20210728 22:33:18.494" critical="yes"></status>
</test>
<status status="PASS" starttime="20210728 22:32:56.813" endtime="20210728 22:33:18.494"></status>
</suite>
<statistics>
<total>
<stat pass="2" fail="0">Critical Tests</stat>
<stat pass="2" fail="0">All Tests</stat>
</total>
<tag>
</tag>
<suite>
<stat pass="2" fail="0" id="s1" name="testeSitePractice">testeSitePractice</stat>
</suite>
</statistics>
<errors>
</errors>
</robot>
