<?xml version="1.0" encoding="UTF-8"?>
<robot generator="Robot 4.1 (Python 3.9.6 on win32)" generated="20210730 14:06:07.262" rpa="false" schemaversion="2">
<suite id="s1" name="testeSitePractice" source="C:\udemy\robot\robotUdemy\test\testeSitePractice.robot">
<test id="s1-t1" name="Caso de Teste 05: Remover produtos.">
<kw name="Abrir Navegador" library="resource" type="SETUP">
<kw name="Open Browser" library="SeleniumLibrary">
<arg>about:blank</arg>
<arg>${browser}</arg>
<doc>Opens a new browser instance to the optional ``url``.</doc>
<msg timestamp="20210730 14:06:07.630" level="INFO">Opening browser 'chrome' to base url 'about:blank'.</msg>
<status status="PASS" starttime="20210730 14:06:07.630" endtime="20210730 14:06:09.387"/>
</kw>
<kw name="Maximize Browser Window" library="SeleniumLibrary">
<doc>Maximizes current browser window.</doc>
<status status="PASS" starttime="20210730 14:06:09.387" endtime="20210730 14:06:09.501"/>
</kw>
<status status="PASS" starttime="20210730 14:06:07.630" endtime="20210730 14:06:09.502"/>
</kw>
<kw name="Acessar página home do site." library="resource">
<kw name="Go To" library="SeleniumLibrary">
<arg>${url}</arg>
<doc>Navigates the current browser window to the provided ``url``.</doc>
<msg timestamp="20210730 14:06:09.503" level="INFO">Opening url 'http://automationpractice.com/index.php'</msg>
<status status="PASS" starttime="20210730 14:06:09.502" endtime="20210730 14:06:18.465"/>
</kw>
<kw name="Title Should Be" library="SeleniumLibrary">
<arg>My Store</arg>
<doc>Verifies that the current page title equals ``title``.</doc>
<msg timestamp="20210730 14:06:18.470" level="INFO">Page title is 'My Store'.</msg>
<status status="PASS" starttime="20210730 14:06:18.465" endtime="20210730 14:06:18.470"/>
</kw>
<status status="PASS" starttime="20210730 14:06:09.502" endtime="20210730 14:06:18.471"/>
</kw>
<kw name="Clicar no ícone carrinho de compras no menu superior direito." library="resource">
<kw name="Acessar página home do site." library="resource">
<kw name="Go To" library="SeleniumLibrary">
<arg>${url}</arg>
<doc>Navigates the current browser window to the provided ``url``.</doc>
<msg timestamp="20210730 14:06:18.471" level="INFO">Opening url 'http://automationpractice.com/index.php'</msg>
<status status="PASS" starttime="20210730 14:06:18.471" endtime="20210730 14:06:25.680"/>
</kw>
<kw name="Title Should Be" library="SeleniumLibrary">
<arg>My Store</arg>
<doc>Verifies that the current page title equals ``title``.</doc>
<msg timestamp="20210730 14:06:25.693" level="INFO">Page title is 'My Store'.</msg>
<status status="PASS" starttime="20210730 14:06:25.680" endtime="20210730 14:06:25.693"/>
</kw>
<status status="PASS" starttime="20210730 14:06:18.471" endtime="20210730 14:06:25.693"/>
</kw>
<kw name="Digitar o nome de produto &quot;t-shirt&quot; no campo de pesquisa." library="resource" sourcename="Digitar o nome de produto &quot;${produto}&quot; no campo de pesquisa.">
<kw name="Input Text" library="SeleniumLibrary">
<arg>name=search_query</arg>
<arg>${produto}</arg>
<doc>Types the given ``text`` into the text field identified by ``locator``.</doc>
<msg timestamp="20210730 14:06:25.694" level="INFO">Typing text 't-shirt' into text field 'name=search_query'.</msg>
<status status="PASS" starttime="20210730 14:06:25.694" endtime="20210730 14:06:25.773"/>
</kw>
<status status="PASS" starttime="20210730 14:06:25.693" endtime="20210730 14:06:25.773"/>
</kw>
<kw name="Clicar no botão de pesquisa." library="resource">
<kw name="Click Element" library="SeleniumLibrary">
<arg>name=submit_search</arg>
<doc>Click the element identified by ``locator``.</doc>
<msg timestamp="20210730 14:06:25.774" level="INFO">Clicking element 'name=submit_search'.</msg>
<status status="PASS" starttime="20210730 14:06:25.774" endtime="20210730 14:06:33.895"/>
</kw>
<status status="PASS" starttime="20210730 14:06:25.773" endtime="20210730 14:06:33.895"/>
</kw>
<kw name="Clicar no botão &quot;Add to chart&quot; do produto." library="resource">
<kw name="Mouse Over" library="SeleniumLibrary">
<arg>css=#center_column &gt; ul &gt; li</arg>
<doc>Simulates hovering the mouse over the element ``locator``.</doc>
<msg timestamp="20210730 14:06:33.896" level="INFO">Simulating Mouse Over on element 'css=#center_column &gt; ul &gt; li'.</msg>
<status status="PASS" starttime="20210730 14:06:33.895" endtime="20210730 14:06:34.174"/>
</kw>
<kw name="Wait Until Element Is Visible" library="SeleniumLibrary">
<arg>css=#center_column &gt; ul &gt; li &gt; div &gt; div.right-block &gt; div.button-container &gt; a.button.ajax_add_to_cart_button.btn.btn-default &gt; span</arg>
<doc>Waits until the element ``locator`` is visible.</doc>
<status status="PASS" starttime="20210730 14:06:34.174" endtime="20210730 14:06:34.193"/>
</kw>
<kw name="Click Element" library="SeleniumLibrary">
<arg>css=#center_column &gt; ul &gt; li &gt; div &gt; div.right-block &gt; div.button-container &gt; a.button.ajax_add_to_cart_button.btn.btn-default &gt; span</arg>
<doc>Click the element identified by ``locator``.</doc>
<msg timestamp="20210730 14:06:34.193" level="INFO">Clicking element 'css=#center_column &gt; ul &gt; li &gt; div &gt; div.right-block &gt; div.button-container &gt; a.button.ajax_add_to_cart_button.btn.btn-default &gt; span'.</msg>
<status status="PASS" starttime="20210730 14:06:34.193" endtime="20210730 14:06:34.227"/>
</kw>
<status status="PASS" starttime="20210730 14:06:33.895" endtime="20210730 14:06:34.227"/>
</kw>
<kw name="Clicar no botão &quot;Proceed to checkout&quot;." library="resource">
<kw name="Wait Until Element Is Visible" library="SeleniumLibrary">
<arg>css=#layer_cart &gt; div.clearfix &gt; div.layer_cart_cart.col-xs-12.col-md-6 &gt; div.button-container &gt; a &gt; span</arg>
<doc>Waits until the element ``locator`` is visible.</doc>
<kw name="Capture Page Screenshot" library="SeleniumLibrary">
<doc>Takes a screenshot of the current page and embeds it into a log file.</doc>
<msg timestamp="20210730 14:06:39.428" level="INFO" html="true">&lt;/td&gt;&lt;/tr&gt;&lt;tr&gt;&lt;td colspan="3"&gt;&lt;a href="selenium-screenshot-14.png"&gt;&lt;img src="selenium-screenshot-14.png" width="800px"&gt;&lt;/a&gt;</msg>
<status status="PASS" starttime="20210730 14:06:39.265" endtime="20210730 14:06:39.428"/>
</kw>
<msg timestamp="20210730 14:06:39.452" level="FAIL">Element 'css=#layer_cart &gt; div.clearfix &gt; div.layer_cart_cart.col-xs-12.col-md-6 &gt; div.button-container &gt; a &gt; span' not visible after 5 seconds.</msg>
<status status="FAIL" starttime="20210730 14:06:34.227" endtime="20210730 14:06:39.452"/>
</kw>
<kw name="Click Element" library="SeleniumLibrary">
<arg>css=#layer_cart &gt; div.clearfix &gt; div.layer_cart_cart.col-xs-12.col-md-6 &gt; div.button-container &gt; a &gt; span</arg>
<doc>Click the element identified by ``locator``.</doc>
<status status="NOT RUN" starttime="20210730 14:06:39.452" endtime="20210730 14:06:39.452"/>
</kw>
<kw name="Wait Until Element Is Visible" library="SeleniumLibrary">
<arg>css=#total_price</arg>
<doc>Waits until the element ``locator`` is visible.</doc>
<status status="NOT RUN" starttime="20210730 14:06:39.453" endtime="20210730 14:06:39.453"/>
</kw>
<status status="FAIL" starttime="20210730 14:06:34.227" endtime="20210730 14:06:39.453"/>
</kw>
<kw name="Click Element" library="SeleniumLibrary">
<arg>css=#columns &gt; div.breadcrumb.clearfix &gt; a &gt; i</arg>
<doc>Click the element identified by ``locator``.</doc>
<status status="NOT RUN" starttime="20210730 14:06:39.453" endtime="20210730 14:06:39.453"/>
</kw>
<kw name="Title Should Be" library="SeleniumLibrary">
<arg>My Store</arg>
<doc>Verifies that the current page title equals ``title``.</doc>
<status status="NOT RUN" starttime="20210730 14:06:39.453" endtime="20210730 14:06:39.453"/>
</kw>
<kw name="Click Element" library="SeleniumLibrary">
<arg>css=#header &gt; div:nth-child(3) &gt; div &gt; div &gt; div:nth-child(3) &gt; div &gt; a</arg>
<doc>Click the element identified by ``locator``.</doc>
<status status="NOT RUN" starttime="20210730 14:06:39.453" endtime="20210730 14:06:39.453"/>
</kw>
<kw name="Wait Until Element Is Visible" library="SeleniumLibrary">
<arg>css=#total_price</arg>
<doc>Waits until the element ``locator`` is visible.</doc>
<status status="NOT RUN" starttime="20210730 14:06:39.454" endtime="20210730 14:06:39.454"/>
</kw>
<kw name="Title Should Be" library="SeleniumLibrary">
<arg>Order - My Store</arg>
<doc>Verifies that the current page title equals ``title``.</doc>
<status status="NOT RUN" starttime="20210730 14:06:39.454" endtime="20210730 14:06:39.454"/>
</kw>
<status status="FAIL" starttime="20210730 14:06:18.471" endtime="20210730 14:06:39.455"/>
</kw>
<kw name="Clicar no botão de remoção de produtos (delete) no produto do carrinho." library="resource">
<status status="NOT RUN" starttime="20210730 14:06:39.455" endtime="20210730 14:06:39.455"/>
</kw>
<status status="FAIL" starttime="20210730 14:06:07.629" endtime="20210730 14:06:39.455">Element 'css=#layer_cart &gt; div.clearfix &gt; div.layer_cart_cart.col-xs-12.col-md-6 &gt; div.button-container &gt; a &gt; span' not visible after 5 seconds.</status>
</test>
<status status="FAIL" starttime="20210730 14:06:07.264" endtime="20210730 14:06:39.455"/>
</suite>
<statistics>
<total>
<stat pass="0" fail="1" skip="0">All Tests</stat>
</total>
<tag>
</tag>
<suite>
<stat pass="0" fail="1" skip="0" id="s1" name="testeSitePractice">testeSitePractice</stat>
</suite>
</statistics>
<errors>
</errors>
</robot>
