<?xml version="1.0" encoding="UTF-8"?>
<robot generator="Robot 4.1 (Python 3.9.6 on win32)" generated="20210810 18:42:13.570" rpa="false" schemaversion="2">
<suite id="s1" name="Test" source="C:\udemy\robot\robotUdemy\test">
<suite id="s1-s1" name="testeSitePractice" source="C:\udemy\robot\robotUdemy\test\testeSitePractice.robot">
<test id="s1-s1-t1" name="Caso de Teste 06: Adicionar Cliente.">
<kw name="Abrir Navegador" library="resource" type="SETUP">
<kw name="Open Browser" library="SeleniumLibrary">
<arg>about:blank</arg>
<arg>${browser}</arg>
<doc>Opens a new browser instance to the optional ``url``.</doc>
<msg timestamp="20210810 18:42:13.795" level="INFO">Opening browser 'chrome' to base url 'about:blank'.</msg>
<status status="PASS" starttime="20210810 18:42:13.795" endtime="20210810 18:42:14.901"/>
</kw>
<kw name="Maximize Browser Window" library="SeleniumLibrary">
<doc>Maximizes current browser window.</doc>
<status status="PASS" starttime="20210810 18:42:14.902" endtime="20210810 18:42:15.023"/>
</kw>
<status status="PASS" starttime="20210810 18:42:13.795" endtime="20210810 18:42:15.023"/>
</kw>
<kw name="Acessar página home do site." library="resource">
<kw name="Go To" library="SeleniumLibrary">
<arg>${url}</arg>
<doc>Navigates the current browser window to the provided ``url``.</doc>
<msg timestamp="20210810 18:42:15.024" level="INFO">Opening url 'http://automationpractice.com'</msg>
<status status="PASS" starttime="20210810 18:42:15.024" endtime="20210810 18:42:19.551"/>
</kw>
<kw name="Title Should Be" library="SeleniumLibrary">
<arg>My Store</arg>
<doc>Verifies that the current page title equals ``title``.</doc>
<msg timestamp="20210810 18:42:19.556" level="INFO">Page title is 'My Store'.</msg>
<status status="PASS" starttime="20210810 18:42:19.551" endtime="20210810 18:42:19.556"/>
</kw>
<status status="PASS" starttime="20210810 18:42:15.024" endtime="20210810 18:42:19.556"/>
</kw>
<kw name="Clicar no botão superior direito &quot;Sign in&quot;." library="resource" sourcename="Clicar no botão superior direito &quot;${login}&quot;.">
<kw name="Click Element" library="SeleniumLibrary">
<arg>xpath=//*[@id="header"]//a[contains(text(),"${login}")]</arg>
<doc>Click the element identified by ``locator``.</doc>
<msg timestamp="20210810 18:42:19.557" level="INFO">Clicking element 'xpath=//*[@id="header"]//a[contains(text(),"Sign in")]'.</msg>
<status status="PASS" starttime="20210810 18:42:19.557" endtime="20210810 18:42:21.019"/>
</kw>
<kw name="Wait Until Element Is Visible" library="SeleniumLibrary">
<arg>xpath=//*[@id="create-account_form"]/h3</arg>
<doc>Waits until the element ``locator`` is visible.</doc>
<status status="PASS" starttime="20210810 18:42:21.019" endtime="20210810 18:42:21.044"/>
</kw>
<status status="PASS" starttime="20210810 18:42:19.557" endtime="20210810 18:42:21.044"/>
</kw>
<kw name="Inserir um e-mail válido." library="resource">
<kw name="Wait Until Element Is Visible" library="SeleniumLibrary">
<arg>xpath=//*[@id="email_create"]</arg>
<doc>Waits until the element ``locator`` is visible.</doc>
<status status="PASS" starttime="20210810 18:42:21.044" endtime="20210810 18:42:21.066"/>
</kw>
<kw name="Generate Random String" library="String">
<var>${email}</var>
<arg>8</arg>
<arg>[LOWER]</arg>
<doc>Generates a string with a desired ``length`` from the given ``chars``.</doc>
<msg timestamp="20210810 18:42:21.066" level="INFO">${email} = xevyirdf</msg>
<status status="PASS" starttime="20210810 18:42:21.066" endtime="20210810 18:42:21.066"/>
</kw>
<kw name="Input Text" library="SeleniumLibrary">
<arg>xpath=//*[@id="email_create"]</arg>
<arg>${email}@gmail.com</arg>
<doc>Types the given ``text`` into the text field identified by ``locator``.</doc>
<msg timestamp="20210810 18:42:21.067" level="INFO">Typing text 'xevyirdf@gmail.com' into text field 'xpath=//*[@id="email_create"]'.</msg>
<status status="PASS" starttime="20210810 18:42:21.066" endtime="20210810 18:42:21.145"/>
</kw>
<status status="PASS" starttime="20210810 18:42:21.044" endtime="20210810 18:42:21.145"/>
</kw>
<kw name="Clicar no botão &quot;Create an account&quot;." library="resource">
<kw name="Click Element" library="SeleniumLibrary">
<arg>xpath=//*[@id="SubmitCreate"]</arg>
<doc>Click the element identified by ``locator``.</doc>
<msg timestamp="20210810 18:42:21.146" level="INFO">Clicking element 'xpath=//*[@id="SubmitCreate"]'.</msg>
<status status="PASS" starttime="20210810 18:42:21.146" endtime="20210810 18:42:21.193"/>
</kw>
<kw name="Wait Until Element Is Visible" library="SeleniumLibrary">
<arg>css=#account-creation_form &gt; div:nth-child(1) &gt; h3</arg>
<arg>10</arg>
<doc>Waits until the element ``locator`` is visible.</doc>
<status status="PASS" starttime="20210810 18:42:21.193" endtime="20210810 18:42:22.726"/>
</kw>
<status status="PASS" starttime="20210810 18:42:21.145" endtime="20210810 18:42:22.727"/>
</kw>
<kw name="Preencher os campos obrigatórios." library="resource">
<kw name="Click Element" library="SeleniumLibrary">
<arg>xpath=//*[@id="id_gender1"]</arg>
<doc>Click the element identified by ``locator``.</doc>
<msg timestamp="20210810 18:42:22.727" level="INFO">Clicking element 'xpath=//*[@id="id_gender1"]'.</msg>
<status status="PASS" starttime="20210810 18:42:22.727" endtime="20210810 18:42:22.803"/>
</kw>
<kw name="Input Text" library="SeleniumLibrary">
<arg>xpath=//*[@id="customer_firstname"]</arg>
<arg>${campo.name}</arg>
<doc>Types the given ``text`` into the text field identified by ``locator``.</doc>
<msg timestamp="20210810 18:42:22.805" level="INFO">Typing text 'King Arthur' into text field 'xpath=//*[@id="customer_firstname"]'.</msg>
<status status="PASS" starttime="20210810 18:42:22.804" endtime="20210810 18:42:22.896"/>
</kw>
<kw name="Input Text" library="SeleniumLibrary">
<arg>xpath=//*[@id="customer_lastname"]</arg>
<arg>${campo.secondName}</arg>
<doc>Types the given ``text`` into the text field identified by ``locator``.</doc>
<msg timestamp="20210810 18:42:22.897" level="INFO">Typing text 'Pendragon' into text field 'xpath=//*[@id="customer_lastname"]'.</msg>
<status status="PASS" starttime="20210810 18:42:22.896" endtime="20210810 18:42:22.972"/>
</kw>
<kw name="Input Text" library="SeleniumLibrary">
<arg>xpath=//*[@id="passwd"]</arg>
<arg>${campo.password}</arg>
<doc>Types the given ``text`` into the text field identified by ``locator``.</doc>
<msg timestamp="20210810 18:42:22.974" level="INFO">Typing text 'pwd123' into text field 'xpath=//*[@id="passwd"]'.</msg>
<status status="PASS" starttime="20210810 18:42:22.972" endtime="20210810 18:42:23.038"/>
</kw>
<kw name="Set Focus To Element" library="SeleniumLibrary">
<arg>xpath=//*[@id="days"]</arg>
<doc>Sets the focus to the element identified by ``locator``.</doc>
<status status="PASS" starttime="20210810 18:42:23.038" endtime="20210810 18:42:23.054"/>
</kw>
<kw name="Select From List By Index" library="SeleniumLibrary">
<arg>xpath=//*[@id="days"]</arg>
<arg>${campo.bDay}</arg>
<doc>Selects options from selection list ``locator`` by ``indexes``.</doc>
<msg timestamp="20210810 18:42:23.055" level="INFO">Selecting options from selection list 'xpath=//*[@id="days"]' by index 23.</msg>
<status status="PASS" starttime="20210810 18:42:23.054" endtime="20210810 18:42:23.236"/>
</kw>
<kw name="Set Focus To Element" library="SeleniumLibrary">
<arg>xpath=//*[@id="months"]</arg>
<doc>Sets the focus to the element identified by ``locator``.</doc>
<status status="PASS" starttime="20210810 18:42:23.236" endtime="20210810 18:42:23.250"/>
</kw>
<kw name="Select From List By Index" library="SeleniumLibrary">
<arg>xpath=//*[@id="months"]</arg>
<arg>${campo.bMonth}</arg>
<doc>Selects options from selection list ``locator`` by ``indexes``.</doc>
<msg timestamp="20210810 18:42:23.251" level="INFO">Selecting options from selection list 'xpath=//*[@id="months"]' by index 1.</msg>
<status status="PASS" starttime="20210810 18:42:23.250" endtime="20210810 18:42:23.312"/>
</kw>
<kw name="Set Focus To Element" library="SeleniumLibrary">
<arg>xpath=//*[@id="years"]</arg>
<doc>Sets the focus to the element identified by ``locator``.</doc>
<status status="PASS" starttime="20210810 18:42:23.313" endtime="20210810 18:42:23.326"/>
</kw>
<kw name="Select From List By Value" library="SeleniumLibrary">
<arg>xpath=//*[@id="years"]</arg>
<arg>${campo.bYears}</arg>
<doc>Selects options from selection list ``locator`` by ``values``.</doc>
<msg timestamp="20210810 18:42:23.326" level="INFO">Selecting options from selection list 'xpath=//*[@id="years"]' by value 1990.</msg>
<status status="PASS" starttime="20210810 18:42:23.326" endtime="20210810 18:42:23.376"/>
</kw>
<kw name="Input Text" library="SeleniumLibrary">
<arg>xpath=//*[@id="company"]</arg>
<arg>${campo.company}</arg>
<doc>Types the given ``text`` into the text field identified by ``locator``.</doc>
<msg timestamp="20210810 18:42:23.376" level="INFO">Typing text 'none' into text field 'xpath=//*[@id="company"]'.</msg>
<status status="PASS" starttime="20210810 18:42:23.376" endtime="20210810 18:42:23.452"/>
</kw>
<kw name="Input Text" library="SeleniumLibrary">
<arg>xpath=//*[@id="address1"]</arg>
<arg>${campo.address}</arg>
<doc>Types the given ``text`` into the text field identified by ``locator``.</doc>
<msg timestamp="20210810 18:42:23.453" level="INFO">Typing text 'Private Street' into text field 'xpath=//*[@id="address1"]'.</msg>
<status status="PASS" starttime="20210810 18:42:23.452" endtime="20210810 18:42:23.534"/>
</kw>
<kw name="Input Text" library="SeleniumLibrary">
<arg>xpath=//*[@id="city"]</arg>
<arg>${campo.city}</arg>
<doc>Types the given ``text`` into the text field identified by ``locator``.</doc>
<msg timestamp="20210810 18:42:23.535" level="INFO">Typing text 'London' into text field 'xpath=//*[@id="city"]'.</msg>
<status status="PASS" starttime="20210810 18:42:23.534" endtime="20210810 18:42:23.608"/>
</kw>
<kw name="Set Focus To Element" library="SeleniumLibrary">
<arg>xpath=//*[@id="id_state"]</arg>
<doc>Sets the focus to the element identified by ``locator``.</doc>
<status status="PASS" starttime="20210810 18:42:23.608" endtime="20210810 18:42:23.626"/>
</kw>
<kw name="Select From List By Index" library="SeleniumLibrary">
<arg>xpath=//*[@id="id_state"]</arg>
<arg>${campo.state}</arg>
<doc>Selects options from selection list ``locator`` by ``indexes``.</doc>
<msg timestamp="20210810 18:42:23.626" level="INFO">Selecting options from selection list 'xpath=//*[@id="id_state"]' by index 22.</msg>
<status status="PASS" starttime="20210810 18:42:23.626" endtime="20210810 18:42:23.761"/>
</kw>
<kw name="Input Text" library="SeleniumLibrary">
<arg>xpath=//*[@id="postcode"]</arg>
<arg>${campo.postalCode}</arg>
<doc>Types the given ``text`` into the text field identified by ``locator``.</doc>
<msg timestamp="20210810 18:42:23.762" level="INFO">Typing text '95623' into text field 'xpath=//*[@id="postcode"]'.</msg>
<status status="PASS" starttime="20210810 18:42:23.761" endtime="20210810 18:42:23.832"/>
</kw>
<kw name="Input Text" library="SeleniumLibrary">
<arg>xpath=//*[@id="phone_mobile"]</arg>
<arg>${campo.phone}</arg>
<doc>Types the given ``text`` into the text field identified by ``locator``.</doc>
<msg timestamp="20210810 18:42:23.832" level="INFO">Typing text '985653248' into text field 'xpath=//*[@id="phone_mobile"]'.</msg>
<status status="PASS" starttime="20210810 18:42:23.832" endtime="20210810 18:42:23.911"/>
</kw>
<status status="PASS" starttime="20210810 18:42:22.727" endtime="20210810 18:42:23.911"/>
</kw>
<kw name="Clicar em &quot;Register&quot; para finalizar o cadastro." library="resource">
<kw name="Click Element" library="SeleniumLibrary">
<arg>xpath=//*[@id="submitAccount"]/span</arg>
<doc>Click the element identified by ``locator``.</doc>
<msg timestamp="20210810 18:42:23.911" level="INFO">Clicking element 'xpath=//*[@id="submitAccount"]/span'.</msg>
<status status="PASS" starttime="20210810 18:42:23.911" endtime="20210810 18:42:25.390"/>
</kw>
<kw name="Wait Until Element Is Visible" library="SeleniumLibrary">
<arg>xpath=//*[@id="center_column"]//*[contains(text(),"My account")]</arg>
<doc>Waits until the element ``locator`` is visible.</doc>
<status status="PASS" starttime="20210810 18:42:25.391" endtime="20210810 18:42:25.412"/>
</kw>
<status status="PASS" starttime="20210810 18:42:23.911" endtime="20210810 18:42:25.412"/>
</kw>
<status status="PASS" starttime="20210810 18:42:13.794" endtime="20210810 18:42:25.413"/>
</test>
<status status="PASS" starttime="20210810 18:42:13.599" endtime="20210810 18:42:25.413"/>
</suite>
<status status="PASS" starttime="20210810 18:42:13.571" endtime="20210810 18:42:25.414"/>
</suite>
<statistics>
<total>
<stat pass="1" fail="0" skip="0">All Tests</stat>
</total>
<tag>
</tag>
<suite>
<stat pass="1" fail="0" skip="0" id="s1" name="Test">Test</stat>
<stat pass="1" fail="0" skip="0" id="s1-s1" name="testeSitePractice">Test.testeSitePractice</stat>
</suite>
</statistics>
<errors>
</errors>
</robot>
